

 <leader>                                          <bs> go up one level <esc> close 
 <leader> » +git                                   <bs> go up one level <esc> close 


{ {
    _on_attach = <function 1>,
    cancel_request = <function 2>,
    config = {
      _on_attach = <function 3>,
      autostart = true,
      capabilities = {
        callHierarchy = {
          dynamicRegistration = false,
          <metatable> = <1>{
            __tostring = <function 4>
          }
        },
        textDocument = {
          codeAction = {
            codeActionLiteralSupport = {
              codeActionKind = {
                valueSet = { "", "Empty", "QuickFix", "Refactor", "RefactorExtract", "RefactorInline", "RefactorRewrite", "Source", "SourceOrganizeImports", "quickfix", "refactor", "refactor.extract", "refactor.inline", "refactor.rewrite", "source", "source.organizeImports" },
                <metatable> = <table 1>
              },
              <metatable> = <table 1>
            },
            dynamicRegistration = false,
            <metatable> = <table 1>
          },
          completion = {
            completionItem = {
              commitCharactersSupport = false,
              deprecatedSupport = false,
              documentationFormat = { "markdown", "plaintext" },
              preselectSupport = false,
              snippetSupport = false,
              <metatable> = <table 1>
            },
            completionItemKind = {
              valueSet = { 1, 2, 3, 4, 5, 6, 7, 8, 9, 10, 11, 12, 13, 14, 15, 16, 17, 18, 19, 20, 21, 22, 23, 24, 25 },
              <metatable> = <table 1>
            },
            contextSupport = false,
            dynamicRegistration = false,
            <metatable> = <table 1>
          },
          declaration = {
            linkSupport = true,
            <metatable> = <table 1>
          },
          definition = {
            linkSupport = true,
            <metatable> = <table 1>
          },
          documentHighlight = {
            dynamicRegistration = false,
            <metatable> = <table 1>
          },
          documentSymbol = {
            dynamicRegistration = false,
            hierarchicalDocumentSymbolSupport = true,
            symbolKind = {
              valueSet = { 1, 2, 3, 4, 5, 6, 7, 8, 9, 10, 11, 12, 13, 14, 15, 16, 17, 18, 19, 20, 21, 22, 23, 24, 25, 26 },
              <metatable> = <table 1>
            },
            <metatable> = <table 1>
          },
          hover = {
            contentFormat = { "markdown", "plaintext" },
            dynamicRegistration = false,
            <metatable> = <table 1>
          },
          implementation = {
            linkSupport = true,
            <metatable> = <table 1>
          },
          publishDiagnostics = {
            relatedInformation = true,
            tagSupport = {
              valueSet = { 1, 2 },
              <metatable> = <table 1>
            },
            <metatable> = <table 1>
          },
          references = {
            dynamicRegistration = false,
            <metatable> = <table 1>
          },
          rename = {
            dynamicRegistration = false,
            prepareSupport = true,
            <metatable> = <table 1>
          },
          signatureHelp = {
            dynamicRegistration = false,
            signatureInformation = {
              documentationFormat = { "markdown", "plaintext" },
              <metatable> = <table 1>
            },
            <metatable> = <table 1>
          },
          synchronization = {
            didSave = true,
            dynamicRegistration = false,
            willSave = false,
            willSaveWaitUntil = false,
            <metatable> = <table 1>
          },
          typeDefinition = {
            linkSupport = true,
            <metatable> = <table 1>
          },
          <metatable> = <table 1>
        },
        window = {
          showDocument = {
            support = false,
            <metatable> = <table 1>
          },
          showMessage = {
            messageActionItem = {
              additionalPropertiesSupport = false,
              <metatable> = <table 1>
            },
            <metatable> = <table 1>
          },
          workDoneProgress = true,
          <metatable> = <table 1>
        },
        workspace = {
          applyEdit = true,
          configuration = true,
          symbol = {
            dynamicRegistration = false,
            hierarchicalWorkspaceSymbolSupport = true,
            symbolKind = {
              valueSet = { 1, 2, 3, 4, 5, 6, 7, 8, 9, 10, 11, 12, 13, 14, 15, 16, 17, 18, 19, 20, 21, 22, 23, 24, 25, 26 },
              <metatable> = <table 1>
            },
            <metatable> = <table 1>
          },
          workspaceEdit = {
            resourceOperations = { "rename", "create", "delete" },
            <metatable> = <table 1>
          },
          workspaceFolders = true,
          <metatable> = <table 1>
        }
      },
      cmd = { "/home/khgh/.local/share/nvim/lspinstall/lua/sumneko-lua-language-server", "-E", "/home/khgh/.local/share/nvim/lspinstall/lua/main.lua" },
      filetypes = { "lua" },
      flags = {},
      get_language_id = <function 5>,
      handlers = <2>{},
      init_options = vim.empty_dict(),
      log_level = 2,
      message_level = 2,
      name = "sumneko_lua",
      on_attach = <function 6>,
      on_exit = <function 7>,
      on_init = <function 8>,
      root_dir = "/home/khgh/.config/nvim/lua",
      settings = {
        Lua = {
          diagnostics = {
            disable = { "undefined-global" },
            globals = { "vim", "DATA_PATH" },
            <metatable> = <table 1>
          },
          runtime = {
            path = { "./?.lua", "/home/khgh/.local/share/neovim/.deps/usr/share/luajit-2.1.0-beta3/?.lua", "/usr/local/share/lua/5.1/?.lua", "/usr/local/share/lua/5.1/?/init.lua", "/home/khgh/.local/share/neovim/.deps/usr/share/lua/5.1/?.lua", "/home/khgh/.local/share/neovim/.deps/usr/share/lua/5.1/?/init.lua", "/home/khgh/.cache/nvim/packer_hererocks/2.1.0-beta3/share/lua/5.1/?.lua", "/home/khgh/.cache/nvim/packer_hererocks/2.1.0-beta3/share/lua/5.1/?/init.lua", "/home/khgh/.cache/nvim/packer_hererocks/2.1.0-beta3/lib/luarocks/rocks-5.1/?.lua", "/home/khgh/.cache/nvim/packer_hererocks/2.1.0-beta3/lib/luarocks/rocks-5.1/?/init.lua" },
            version = "LuaJIT",
            <metatable> = <table 1>
          },
          telemetry = {
            enable = false,
            <metatable> = <table 1>
          },
          workspace = {
            library = {
              ["/usr/local/share/nvim/runtime/lua"] = true,
              ["/usr/local/share/nvim/runtime/lua/vim/lsp"] = true,
              <metatable> = <table 1>
            },
            maxPreload = 50000,
            <metatable> = <table 1>
          },
          <metatable> = <table 1>
        },
        <metatable> = <table 1>
      },
      <metatable> = <table 1>
    },
    handlers = <table 2>,
    id = 1,
    initialized = true,
    is_stopped = <function 9>,
    messages = {
      messages = {},
      name = "sumneko_lua",
      progress = {
        [2] = {
          done = true,
          percentage = 82,
          title = "Loading workspace"
        }
      },
      status = {}
    },
    name = "sumneko_lua",
    notify = <function 10>,
    offset_encoding = "utf-16",
    request = <function 11>,
    request_sync = <function 12>,
    resolved_capabilities = {
      call_hierarchy = false,
      code_action = <3>{
        codeActionKinds = { "", "quickfix", "refactor.rewrite", "refactor.extract" },
        resolveProvider = false
      },
      code_lens = false,
      code_lens_resolve = false,
      completion = true,
      declaration = false,
      document_formatting = false,
      document_highlight = true,
      document_range_formatting = false,
      document_symbol = true,
      execute_command = true,
      find_references = true,
      goto_definition = true,
      hover = true,
      implementation = false,
      rename = true,
      signature_help = true,
      signature_help_trigger_characters = <4>{ "(", "," },
      text_document_did_change = 2,
      text_document_open_close = true,
      text_document_save = false,
      text_document_save_include_text = false,
      text_document_will_save = false,
      text_document_will_save_wait_until = false,
      type_definition = true,
      workspace_folder_properties = {
        changeNotifications = false,
        supported = false
      },
      workspace_symbol = true
    },
    rpc = {
      handle = <userdata 1>,
      notify = <function 13>,
      pid = 27941,
      request = <function 14>
    },
    server_capabilities = {
      codeActionProvider = <table 3>,
      completionProvider = {
        resolveProvider = true,
        triggerCharacters = { "\t", "\n", "a", "b", "c", "d", "e", "f", "g", "h", "i", "j", "k", "l", "m", "n", "o", "p", "q", "r", "s", "t", "u", "v", "w", "x", "y", "z", "A", "B", "C", "D", "E", "F", "G", "H", "I", "J", "K", "L", "M", "N", "O", "P", "Q", "R", "S", "T", "U", "V", "W", "X", "Y", "Z", "0", "1", "2", "3", "4", "5", "6", "7", "8", "9", ".", ":", "(", "'", '"', "[", ",", "#", "*", "@", "|", "=", "-", "{", " " }
      },
      definitionProvider = true,
      documentHighlightProvider = true,
      documentOnTypeFormattingProvider = {
        firstTriggerCharacter = "\n"
      },
      documentSymbolProvider = true,
      executeCommandProvider = {
        commands = { "lua.removeSpace:27944", "lua.solve:27944", "lua.jsonToLua:27944", "lua.setConfig:27944", "lua.autoRequire:27944" }
      },
      foldingRangeProvider = true,
      hoverProvider = true,
      referencesProvider = true,
      renameProvider = {
        prepareProvider = true
      },
      signatureHelpProvider = {
        triggerCharacters = <table 4>
      },
      textDocumentSync = {
        change = 2,
        openClose = true
      },
      typeDefinitionProvider = true,
      workspaceSymbolProvider = true
    },
    stop = <function 15>,
    supports_method = <function 16>,
    workspaceFolders = { {
        name = "/home/khgh/.config/nvim/lua",
        uri = "file:///home/khgh/.config/nvim/lua"
      } },
    workspace_did_change_configuration = <function 17>
  } }



"~/.config/nvim/lua/lsp.log" [noeol] 239L, 8192C

/resol                                                                                                                                                                                                                                                           

/resol                                                                                                                                                                                                                                                      [1/3]
/resol                                                                                                                                                                                                                                                      [1/3]

          signatureHelp = {
            dynamicRegistration = false,
            signatureInformation = {
              documentationFormat = { "markdown", "plaintext" },
              <metatable> = <table 1>
            },
            <metatable> = <table 1>
          },
          synchronization = {
            didSave = true,
            dynamicRegistration = false,
            willSave = false,
            willSaveWaitUntil = false,
            <metatable> = <table 1>
          },
          typeDefinition = {
            linkSupport = true,
            <metatable> = <table 1>
          },
          <metatable> = <table 1>
        },
        window = {
          showDocument = {
            support = false,
            <metatable> = <table 1>
          },
          showMessage = {
            messageActionItem = {
              additionalPropertiesSupport = false,
              <metatable> = <table 1>
            },
            <metatable> = <table 1>
          },
          workDoneProgress = true,
          <metatable> = <table 1>
        },
        workspace = {
          applyEdit = true,
          configuration = true,
          symbol = {
            dynamicRegistration = false,
            hierarchicalWorkspaceSymbolSupport = true,
            symbolKind = {
              valueSet = { 1, 2, 3, 4, 5, 6, 7, 8, 9, 10, 11, 12, 13, 14, 15, 16, 17, 18, 19, 20, 21, 22, 23, 24, 25, 26 },
              <metatable> = <table 1>
            },
            <metatable> = <table 1>
          },
          workspaceEdit = {
            resourceOperations = { "rename", "create", "delete" },
            <metatable> = <table 1>
          },
          workspaceFolders = true,
          <metatable> = <table 1>
        }
      },
      cmd = { "/home/khgh/.local/share/nvim/lspinstall/lua/sumneko-lua-language-server", "-E", "/home/khgh/.local/share/nvim/lspinstall/lua/main.lua" },
      filetypes = { "lua" },
      flags = {},
      get_language_id = <function 5>,
      handlers = <2>{},
      init_options = vim.empty_dict(),
      log_level = 2,
      message_level = 2,
      name = "sumneko_lua",
      on_attach = <function 6>,
      on_exit = <function 7>,
      on_init = <function 8>,
      root_dir = "/home/khgh/.config/nvim/lua",
      settings = {
        Lua = {
          diagnostics = {
            disable = { "undefined-global" },
            globals = { "vim", "DATA_PATH" },
            <metatable> = <table 1>
          },
          runtime = {
            path = { "./?.lua", "/home/khgh/.local/share/neovim/.deps/usr/share/luajit-2.1.0-beta3/?.lua", "/usr/local/share/lua/5.1/?.lua", "/usr/local/share/lua/5.1/?/init.lua", "/home/khgh/.local/share/neovim/.deps/usr/share/lua/5.1/?.lua", "/home/khgh/.local/share/neovim/.deps/usr/share/lua/5.1/?/init.lua", "/home/khgh/.cache/nvim/packer_hererocks/2.1.0-beta3/share/lua/5.1/?.lua", "/home/khgh/.cache/nvim/packer_hererocks/2.1.0-beta3/share/lua/5.1/?/init.lua", "/home/khgh/.cache/nvim/packer_hererocks/2.1.0-beta3/lib/luarocks/rocks-5.1/?.lua", "/home/khgh/.cache/nvim/packer_hererocks/2.1.0-beta3/lib/luarocks/rocks-5.1/?/init.lua" },
            version = "LuaJIT",
            <metatable> = <table 1>
          },
          telemetry = {
            enable = false,
            <metatable> = <table 1>
          },
          workspace = {
            library = {
              ["/usr/local/share/nvim/runtime/lua"] = true,
              ["/usr/local/share/nvim/runtime/lua/vim/lsp"] = true,
              <metatable> = <table 1>
            },
            maxPreload = 50000,
            <metatable> = <table 1>
          },
          <metatable> = <table 1>
        },
        <metatable> = <table 1>
      },
      <metatable> = <table 1>
    },
    handlers = <table 2>,
    id = 1,
    initialized = true,
    is_stopped = <function 9>,
    messages = {
      messages = {},
      name = "sumneko_lua",
      progress = {
        [2] = {
          done = true,
          percentage = 82,
          title = "Loading workspace"
        }
      },
      status = {}
    },
    name = "sumneko_lua",
    notify = <function 10>,
    offset_encoding = "utf-16",
    request = <function 11>,
    request_sync = <function 12>,
    resolved_capabilities = {
      call_hierarchy = false,
      code_action = <3>{
        codeActionKinds = { "", "quickfix", "refactor.rewrite", "refactor.extract" },
        resolveProvider = false
      },
      code_lens = false,
      code_lens_resolve = false,
      completion = true,
      declaration = false,
      document_formatting = false,
      document_highlight = true,
      document_range_formatting = false,
      document_symbol = true,
      execute_command = true,
      find_references = true,
      goto_definition = true,
      hover = true,
      implementation = false,
      rename = true,
      signature_help = true,
      signature_help_trigger_characters = <4>{ "(", "," },
      text_document_did_change = 2,
      text_document_open_close = true,
      text_document_save = false,
      text_document_save_include_text = false,
      text_document_will_save = false,
      text_document_will_save_wait_until = false,
      type_definition = true,
      workspace_folder_properties = {
        changeNotifications = false,
        supported = false
      },
      workspace_symbol = true
    },
    rpc = {
      handle = <userdata 1>,
      notify = <function 13>,
      pid = 27941,
      request = <function 14>
    },
    server_capabilities = {
      codeActionProvider = <table 3>,
      completionProvider = {
        resolveProvider = true,
        triggerCharacters = { "\t", "\n", "a", "b", "c", "d", "e", "f", "g", "h", "i", "j", "k", "l", "m", "n", "o", "p", "q", "r", "s", "t", "u", "v", "w", "x", "y", "z", "A", "B", "C", "D", "E", "F", "G", "H", "I", "J", "K", "L", "M", "N", "O", "P", "Q", "R", "S", "T", "U", "V", "W", "X", "Y", "Z", "0", "1", "2", "3", "4", "5", "6", "7", "8", "9", ".", ":", "(", "'", '"', "[", ",", "#", "*", "@", "|", "=", "-", "{", " " }
      },
      definitionProvider = true,
      documentHighlightProvider = true,
      documentOnTypeFormattingProvider = {
        firstTriggerCharacter = "\n"
      },
      documentSymbolProvider = true,
      executeCommandProvider = {
        commands = { "lua.removeSpace:27944", "lua.solve:27944", "lua.jsonToLua:27944", "lua.setConfig:27944", "lua.autoRequire:27944" }
      },
      foldingRangeProvider = true,
      hoverProvider = true,
      referencesProvider = true,
      renameProvider = {
        prepareProvider = true
      },
      signatureHelpProvider = {
        triggerCharacters = <table 4>
      },
      textDocumentSync = {
        change = 2,
        openClose = true
      },
      typeDefinitionProvider = true,
      workspaceSymbolProvider = true
    },
    stop = <function 15>,
    supports_method = <function 16>,
    workspaceFolders = { {
        name = "/home/khgh/.config/nvim/lua",
        uri = "file:///home/khgh/.config/nvim/lua"
      } },
    workspace_did_change_configuration = <function 17>
  } }
